gradle-build/app/outputs/logs/manifest-merger-debug-report.txt
-- Merging decision tree log ---
manifest
ADDED from src/main/AndroidManifest.xml:2:1-22:12
INJECTED from src/main/AndroidManifest.xml:2:1-22:12
INJECTED from src/main/AndroidManifest.xml:2:1-22:12
INJECTED from src/main/AndroidManifest.xml:2:1-22:12
MERGED from [:AliyunPusher:pusher_demo] AndroidManifest.xml:2:1-117:12
MERGED from [:AliyunPusher:pusher_core] AndroidManifest.xml:2:1-11:12
MERGED from [live-pusher-resources-3.3.7.aar] AndroidManifest.xml:2:1-13:12
MERGED from [com.android.support:appcompat-v7:28.0.0] AndroidManifest.xml:17:1-22:12
MERGED from [com.android.support.constraint:constraint-layout:1.1.3] AndroidManifest.xml:2:1-11:12
MERGED from [com.android.support:support-v4:26.1.0] AndroidManifest.xml:17:1-31:12
MERGED from [com.android.support:recyclerview-v7:26.1.0] AndroidManifest.xml:17:1-28:12
MERGED from [com.android.support:multidex:1.0.2] AndroidManifest.xml:17:1-22:12
MERGED from [com.squareup.leakcanary:leakcanary-android:1.5] AndroidManifest.xml:17:1-59:12
MERGED from [:Aliyunplayer:AlivcReporter] AndroidManifest.xml:2:1-17:12
MERGED from [:Aliyunplayer:AlivcPlayer] AndroidManifest.xml:2:1-14:12
MERGED from [com.android.support:support-media-compat:26.1.0] AndroidManifest.xml:17:1-31:12
MERGED from [com.android.support:animated-vector-drawable:28.0.0] AndroidManifest.xml:17:1-22:12
MERGED from [com.android.support:support-vector-drawable:28.0.0] AndroidManifest.xml:17:1-22:12
MERGED from [com.android.support:support-fragment:28.0.0] AndroidManifest.xml:17:1-22:12
MERGED from [com.android.support:support-core-ui:28.0.0] AndroidManifest.xml:17:1-22:12
MERGED from [com.android.support:support-core-utils:28.0.0] AndroidManifest.xml:17:1-22:12
MERGED from [com.android.support:loader:28.0.0] AndroidManifest.xml:17:1-22:12
MERGED from [com.android.support:viewpager:28.0.0] AndroidManifest.xml:17:1-22:12
MERGED from [com.android.support:coordinatorlayout:28.0.0] AndroidManifest.xml:17:1-22:12
MERGED from [com.android.support:drawerlayout:28.0.0] AndroidManifest.xml:17:1-22:12
MERGED from [com.android.support:slidingpanelayout:28.0.0] AndroidManifest.xml:17:1-22:12
MERGED from [com.android.support:customview:28.0.0] AndroidManifest.xml:17:1-22:12
MERGED from [com.android.support:swiperefreshlayout:28.0.0] AndroidManifest.xml:17:1-22:12
MERGED from [com.android.support:asynclayoutinflater:28.0.0] AndroidManifest.xml:17:1-22:12
MERGED from [com.android.support:support-compat:28.0.0] AndroidManifest.xml:17:1-24:12
MERGED from [com.android.support:versionedparcelable:28.0.0] AndroidManifest.xml:17:1-25:12
MERGED from [com.android.support:cursoradapter:28.0.0] AndroidManifest.xml:17:1-22:12
MERGED from [com.android.support:documentfile:28.0.0] AndroidManifest.xml:17:1-22:12
MERGED from [com.android.support:localbroadcastmanager:28.0.0] AndroidManifest.xml:17:1-22:12
MERGED from [com.android.support:print:28.0.0] AndroidManifest.xml:17:1-22:12
MERGED from [android.arch.lifecycle:viewmodel:1.1.1] AndroidManifest.xml:17:1-22:12
MERGED from [android.arch.lifecycle:livedata:1.1.1] AndroidManifest.xml:17:1-22:12
MERGED from [android.arch.lifecycle:livedata-core:1.1.1] AndroidManifest.xml:17:1-22:12
MERGED from [android.arch.core:runtime:1.1.1] AndroidManifest.xml:17:1-22:12
MERGED from [com.android.support:interpolator:28.0.0] AndroidManifest.xml:17:1-22:12
MERGED from [android.arch.lifecycle:runtime:1.1.1] AndroidManifest.xml:17:1-22:12
INJECTED from src/main/AndroidManifest.xml:2:1-22:12
INJECTED from src/main/AndroidManifest.xml:2:1-22:12
INJECTED from src/main/AndroidManifest.xml:2:1-22:12
	package
		ADDED from src/main/AndroidManifest.xml:3:5-37
		INJECTED from src/main/AndroidManifest.xml
		INJECTED from src/main/AndroidManifest.xml
	android:versionName
		INJECTED from src/main/AndroidManifest.xml
		ADDED from src/main/AndroidManifest.xml:2:1-22:12
		INJECTED from src/main/AndroidManifest.xml
	android:versionCode
		INJECTED from src/main/AndroidManifest.xml
		ADDED from src/main/AndroidManifest.xml:2:1-22:12
		INJECTED from src/main/AndroidManifest.xml
	xmlns:android
		ADDED from src/main/AndroidManifest.xml:2:11-69
application
ADDED from src/main/AndroidManifest.xml:5:5-20:19
MERGED from [:AliyunPusher:pusher_demo] AndroidManifest.xml:32:5-115:19
MERGED from [:AliyunPusher:pusher_demo] AndroidManifest.xml:32:5-115:19
MERGED from [com.android.support.constraint:constraint-layout:1.1.3] AndroidManifest.xml:9:5-20
MERGED from [com.android.support.constraint:constraint-layout:1.1.3] AndroidManifest.xml:9:5-20
MERGED from [com.android.support:support-v4:26.1.0] AndroidManifest.xml:25:5-29:19
MERGED from [com.android.support:support-v4:26.1.0] AndroidManifest.xml:25:5-29:19
MERGED from [com.android.support:recyclerview-v7:26.1.0] AndroidManifest.xml:22:5-26:19
MERGED from [com.android.support:recyclerview-v7:26.1.0] AndroidManifest.xml:22:5-26:19
MERGED from [com.squareup.leakcanary:leakcanary-android:1.5] AndroidManifest.xml:28:5-57:19
MERGED from [com.squareup.leakcanary:leakcanary-android:1.5] AndroidManifest.xml:28:5-57:19
MERGED from [:Aliyunplayer:AlivcReporter] AndroidManifest.xml:14:5-15:19
MERGED from [:Aliyunplayer:AlivcReporter] AndroidManifest.xml:14:5-15:19
MERGED from [com.android.support:support-media-compat:26.1.0] AndroidManifest.xml:25:5-29:19
MERGED from [com.android.support:support-media-compat:26.1.0] AndroidManifest.xml:25:5-29:19
MERGED from [com.android.support:support-compat:28.0.0] AndroidManifest.xml:22:5-94
MERGED from [com.android.support:support-compat:28.0.0] AndroidManifest.xml:22:5-94
MERGED from [com.android.support:versionedparcelable:28.0.0] AndroidManifest.xml:22:5-23:19
MERGED from [com.android.support:versionedparcelable:28.0.0] AndroidManifest.xml:22:5-23:19
	android:appComponentFactory
		ADDED from [com.android.support:support-compat:28.0.0] AndroidManifest.xml:22:18-91
	android:supportsRtl
		ADDED from src/main/AndroidManifest.xml:10:9-35
	android:label
		ADDED from src/main/AndroidManifest.xml:8:9-41
	android:roundIcon
		ADDED from src/main/AndroidManifest.xml:9:9-54
	android:icon
		ADDED from src/main/AndroidManifest.xml:7:9-43
	android:allowBackup
		ADDED from src/main/AndroidManifest.xml:6:9-35
	android:theme
		ADDED from src/main/AndroidManifest.xml:11:9-40
activity#com.example.kb.alitest.MainActivity
ADDED from src/main/AndroidManifest.xml:12:9-18:20
	android:name
		ADDED from src/main/AndroidManifest.xml:12:19-47
intent-filter#action:name:android.intent.action.MAIN+category:name:android.intent.category.LAUNCHER
ADDED from src/main/AndroidManifest.xml:13:13-17:29
action#android.intent.action.MAIN
ADDED from src/main/AndroidManifest.xml:14:17-69
	android:name
		ADDED from src/main/AndroidManifest.xml:14:25-66
category#android.intent.category.LAUNCHER
ADDED from src/main/AndroidManifest.xml:16:17-77
	android:name
		ADDED from src/main/AndroidManifest.xml:16:27-74
activity#com.example.kb.alitest.AliyunLivePushActivity
ADDED from src/main/AndroidManifest.xml:19:9-60
	android:name
		ADDED from src/main/AndroidManifest.xml:19:19-57
uses-sdk
INJECTED from src/main/AndroidManifest.xml reason: use-sdk injection requested
INJECTED from src/main/AndroidManifest.xml
INJECTED from src/main/AndroidManifest.xml
MERGED from [:AliyunPusher:pusher_demo] AndroidManifest.xml:8:5-10:41
MERGED from [:AliyunPusher:pusher_demo] AndroidManifest.xml:8:5-10:41
MERGED from [:AliyunPusher:pusher_core] AndroidManifest.xml:7:5-9:41
MERGED from [:AliyunPusher:pusher_core] AndroidManifest.xml:7:5-9:41
MERGED from [live-pusher-resources-3.3.7.aar] AndroidManifest.xml:7:5-9:41
MERGED from [live-pusher-resources-3.3.7.aar] AndroidManifest.xml:7:5-9:41
MERGED from [com.android.support:appcompat-v7:28.0.0] AndroidManifest.xml:20:5-44
MERGED from [com.android.support:appcompat-v7:28.0.0] AndroidManifest.xml:20:5-44
MERGED from [com.android.support.constraint:constraint-layout:1.1.3] AndroidManifest.xml:5:5-7:41
MERGED from [com.android.support.constraint:constraint-layout:1.1.3] AndroidManifest.xml:5:5-7:41
MERGED from [com.android.support:support-v4:26.1.0] AndroidManifest.xml:21:5-23:54
MERGED from [com.android.support:support-v4:26.1.0] AndroidManifest.xml:21:5-23:54
MERGED from [com.android.support:recyclerview-v7:26.1.0] AndroidManifest.xml:20:5-44
MERGED from [com.android.support:recyclerview-v7:26.1.0] AndroidManifest.xml:20:5-44
MERGED from [com.android.support:multidex:1.0.2] AndroidManifest.xml:20:5-43
MERGED from [com.android.support:multidex:1.0.2] AndroidManifest.xml:20:5-43
MERGED from [com.squareup.leakcanary:leakcanary-android:1.5] AndroidManifest.xml:20:5-22:41
MERGED from [com.squareup.leakcanary:leakcanary-android:1.5] AndroidManifest.xml:20:5-22:41
MERGED from [:Aliyunplayer:AlivcReporter] AndroidManifest.xml:7:5-9:41
MERGED from [:Aliyunplayer:AlivcReporter] AndroidManifest.xml:7:5-9:41
MERGED from [:Aliyunplayer:AlivcPlayer] AndroidManifest.xml:7:5-9:41
MERGED from [:Aliyunplayer:AlivcPlayer] AndroidManifest.xml:7:5-9:41
MERGED from [com.android.support:support-media-compat:26.1.0] AndroidManifest.xml:21:5-23:63
MERGED from [com.android.support:support-media-compat:26.1.0] AndroidManifest.xml:21:5-23:63
MERGED from [com.android.support:animated-vector-drawable:28.0.0] AndroidManifest.xml:20:5-44
MERGED from [com.android.support:animated-vector-drawable:28.0.0] AndroidManifest.xml:20:5-44
MERGED from [com.android.support:support-vector-drawable:28.0.0] AndroidManifest.xml:20:5-44
MERGED from [com.android.support:support-vector-drawable:28.0.0] AndroidManifest.xml:20:5-44
MERGED from [com.android.support:support-fragment:28.0.0] AndroidManifest.xml:20:5-44
MERGED from [com.android.support:support-fragment:28.0.0] AndroidManifest.xml:20:5-44
MERGED from [com.android.support:support-core-ui:28.0.0] AndroidManifest.xml:20:5-44
MERGED from [com.android.support:support-core-ui:28.0.0] AndroidManifest.xml:20:5-44
MERGED from [com.android.support:support-core-utils:28.0.0] AndroidManifest.xml:20:5-44
MERGED from [com.android.support:support-core-utils:28.0.0] AndroidManifest.xml:20:5-44
MERGED from [com.android.support:loader:28.0.0] AndroidManifest.xml:20:5-44
MERGED from [com.android.support:loader:28.0.0] AndroidManifest.xml:20:5-44
MERGED from [com.android.support:viewpager:28.0.0] AndroidManifest.xml:20:5-44
MERGED from [com.android.support:viewpager:28.0.0] AndroidManifest.xml:20:5-44
MERGED from [com.android.support:coordinatorlayout:28.0.0] AndroidManifest.xml:20:5-44
MERGED from [com.android.support:coordinatorlayout:28.0.0] AndroidManifest.xml:20:5-44
MERGED from [com.android.support:drawerlayout:28.0.0] AndroidManifest.xml:20:5-44
MERGED from [com.android.support:drawerlayout:28.0.0] AndroidManifest.xml:20:5-44
MERGED from [com.android.support:slidingpanelayout:28.0.0] AndroidManifest.xml:20:5-44
MERGED from [com.android.support:slidingpanelayout:28.0.0] AndroidManifest.xml:20:5-44
MERGED from [com.android.support:customview:28.0.0] AndroidManifest.xml:20:5-44
MERGED from [com.android.support:customview:28.0.0] AndroidManifest.xml:20:5-44
MERGED from [com.android.support:swiperefreshlayout:28.0.0] AndroidManifest.xml:20:5-44
MERGED from [com.android.support:swiperefreshlayout:28.0.0] AndroidManifest.xml:20:5-44
MERGED from [com.android.support:asynclayoutinflater:28.0.0] AndroidManifest.xml:20:5-44
MERGED from [com.android.support:asynclayoutinflater:28.0.0] AndroidManifest.xml:20:5-44
MERGED from [com.android.support:support-compat:28.0.0] AndroidManifest.xml:20:5-44
MERGED from [com.android.support:support-compat:28.0.0] AndroidManifest.xml:20:5-44
MERGED from [com.android.support:versionedparcelable:28.0.0] AndroidManifest.xml:20:5-44
MERGED from [com.android.support:versionedparcelable:28.0.0] AndroidManifest.xml:20:5-44
MERGED from [com.android.support:cursoradapter:28.0.0] AndroidManifest.xml:20:5-44
MERGED from [com.android.support:cursoradapter:28.0.0] AndroidManifest.xml:20:5-44
MERGED from [com.android.support:documentfile:28.0.0] AndroidManifest.xml:20:5-44
MERGED from [com.android.support:documentfile:28.0.0] AndroidManifest.xml:20:5-44
MERGED from [com.android.support:localbroadcastmanager:28.0.0] AndroidManifest.xml:20:5-44
MERGED from [com.android.support:localbroadcastmanager:28.0.0] AndroidManifest.xml:20:5-44
MERGED from [com.android.support:print:28.0.0] AndroidManifest.xml:20:5-44
MERGED from [com.android.support:print:28.0.0] AndroidManifest.xml:20:5-44
MERGED from [android.arch.lifecycle:viewmodel:1.1.1] AndroidManifest.xml:20:5-44
MERGED from [android.arch.lifecycle:viewmodel:1.1.1] AndroidManifest.xml:20:5-44
MERGED from [android.arch.lifecycle:livedata:1.1.1] AndroidManifest.xml:20:5-44
MERGED from [android.arch.lifecycle:livedata:1.1.1] AndroidManifest.xml:20:5-44
MERGED from [android.arch.lifecycle:livedata-core:1.1.1] AndroidManifest.xml:20:5-44
MERGED from [android.arch.lifecycle:livedata-core:1.1.1] AndroidManifest.xml:20:5-44
MERGED from [android.arch.core:runtime:1.1.1] AndroidManifest.xml:20:5-44
MERGED from [android.arch.core:runtime:1.1.1] AndroidManifest.xml:20:5-44
MERGED from [com.android.support:interpolator:28.0.0] AndroidManifest.xml:20:5-44
MERGED from [com.android.support:interpolator:28.0.0] AndroidManifest.xml:20:5-44
MERGED from [android.arch.lifecycle:runtime:1.1.1] AndroidManifest.xml:20:5-44
MERGED from [android.arch.lifecycle:runtime:1.1.1] AndroidManifest.xml:20:5-44
INJECTED from src/main/AndroidManifest.xml
INJECTED from src/main/AndroidManifest.xml
	tools:overrideLibrary
		ADDED from [com.android.support:support-v4:26.1.0] AndroidManifest.xml:23:9-51
	android:targetSdkVersion
		INJECTED from src/main/AndroidManifest.xml
		ADDED from src/main/AndroidManifest.xml
		INJECTED from src/main/AndroidManifest.xml
	android:minSdkVersion
		INJECTED from src/main/AndroidManifest.xml
		ADDED from src/main/AndroidManifest.xml
		INJECTED from src/main/AndroidManifest.xml
uses-permission#android.permission.INTERNET
ADDED from [:AliyunPusher:pusher_demo] AndroidManifest.xml:12:5-67
MERGED from [:Aliyunplayer:AlivcReporter] AndroidManifest.xml:12:5-67
MERGED from [:Aliyunplayer:AlivcReporter] AndroidManifest.xml:12:5-67
	android:name
		ADDED from [:AliyunPusher:pusher_demo] AndroidManifest.xml:12:22-64
uses-permission#android.permission.VIBRATE
ADDED from [:AliyunPusher:pusher_demo] AndroidManifest.xml:13:5-66
	android:name
		ADDED from [:AliyunPusher:pusher_demo] AndroidManifest.xml:13:22-63
uses-permission#android.permission.RECORD_AUDIO
ADDED from [:AliyunPusher:pusher_demo] AndroidManifest.xml:14:5-71
	android:name
		ADDED from [:AliyunPusher:pusher_demo] AndroidManifest.xml:14:22-68
uses-permission#android.permission.CAMERA
ADDED from [:AliyunPusher:pusher_demo] AndroidManifest.xml:15:5-65
	android:name
		ADDED from [:AliyunPusher:pusher_demo] AndroidManifest.xml:15:22-62
uses-permission#android.permission.ACCESS_NETWORK_STATE
ADDED from [:AliyunPusher:pusher_demo] AndroidManifest.xml:16:5-79
MERGED from [:Aliyunplayer:AlivcReporter] AndroidManifest.xml:11:5-79
MERGED from [:Aliyunplayer:AlivcReporter] AndroidManifest.xml:11:5-79
	android:name
		ADDED from [:AliyunPusher:pusher_demo] AndroidManifest.xml:16:22-76
uses-permission#android.permission.WRITE_EXTERNAL_STORAGE
ADDED from [:AliyunPusher:pusher_demo] AndroidManifest.xml:18:5-81
MERGED from [com.squareup.leakcanary:leakcanary-android:1.5] AndroidManifest.xml:26:5-81
MERGED from [com.squareup.leakcanary:leakcanary-android:1.5] AndroidManifest.xml:26:5-81
	android:name
		ADDED from [:AliyunPusher:pusher_demo] AndroidManifest.xml:18:22-78
uses-permission#android.permission.MOUNT_UNMOUNT_FILESYSTEMS
ADDED from [:AliyunPusher:pusher_demo] AndroidManifest.xml:19:5-84
	android:name
		ADDED from [:AliyunPusher:pusher_demo] AndroidManifest.xml:19:22-81
uses-permission#android.permission.ACCESS_FINE_LOCATION
ADDED from [:AliyunPusher:pusher_demo] AndroidManifest.xml:20:5-79
	android:name
		ADDED from [:AliyunPusher:pusher_demo] AndroidManifest.xml:20:22-76
uses-permission#android.permission.GET_TASKS
ADDED from [:AliyunPusher:pusher_demo] AndroidManifest.xml:21:5-68
	android:name
		ADDED from [:AliyunPusher:pusher_demo] AndroidManifest.xml:21:22-65
uses-permission#android.permission.ACCESS_WIFI_STATE
ADDED from [:AliyunPusher:pusher_demo] AndroidManifest.xml:22:5-76
MERGED from [:Aliyunplayer:AlivcPlayer] AndroidManifest.xml:11:5-76
MERGED from [:Aliyunplayer:AlivcPlayer] AndroidManifest.xml:11:5-76
	android:name
		ADDED from [:AliyunPusher:pusher_demo] AndroidManifest.xml:22:22-73
uses-permission#android.permission.CHANGE_WIFI_STATE
ADDED from [:AliyunPusher:pusher_demo] AndroidManifest.xml:23:5-76
	android:name
		ADDED from [:AliyunPusher:pusher_demo] AndroidManifest.xml:23:22-73
uses-permission#android.permission.WAKE_LOCK
ADDED from [:AliyunPusher:pusher_demo] AndroidManifest.xml:24:5-68
	android:name
		ADDED from [:AliyunPusher:pusher_demo] AndroidManifest.xml:24:22-65
uses-permission#android.permission.MODIFY_AUDIO_SETTINGS
ADDED from [:AliyunPusher:pusher_demo] AndroidManifest.xml:25:5-80
	android:name
		ADDED from [:AliyunPusher:pusher_demo] AndroidManifest.xml:25:22-77
uses-permission#android.permission.READ_PHONE_STATE
ADDED from [:AliyunPusher:pusher_demo] AndroidManifest.xml:26:5-75
	android:name
		ADDED from [:AliyunPusher:pusher_demo] AndroidManifest.xml:26:22-72
uses-permission#android.permission.RECEIVE_BOOT_COMPLETED
ADDED from [:AliyunPusher:pusher_demo] AndroidManifest.xml:27:5-81
	android:name
		ADDED from [:AliyunPusher:pusher_demo] AndroidManifest.xml:27:22-78
uses-permission#android.permission.READ_EXTERNAL_STORAGE
ADDED from [:AliyunPusher:pusher_demo] AndroidManifest.xml:28:5-80
IMPLIED from src/main/AndroidManifest.xml:2:1-22:12 reason: com.alivc.live.pusher.demo requested WRITE_EXTERNAL_STORAGE
MERGED from [com.squareup.leakcanary:leakcanary-android:1.5] AndroidManifest.xml:25:5-80
MERGED from [com.squareup.leakcanary:leakcanary-android:1.5] AndroidManifest.xml:25:5-80
	android:name
		ADDED from [:AliyunPusher:pusher_demo] AndroidManifest.xml:28:22-77
uses-permission#android.permission.BLUETOOTH
ADDED from [:AliyunPusher:pusher_demo] AndroidManifest.xml:29:5-68
	android:name
		ADDED from [:AliyunPusher:pusher_demo] AndroidManifest.xml:29:22-65
uses-permission#android.permission.SYSTEM_ALERT_WINDOW
ADDED from [:AliyunPusher:pusher_demo] AndroidManifest.xml:30:5-78
MERGED from [live-pusher-resources-3.3.7.aar] AndroidManifest.xml:11:5-78
MERGED from [live-pusher-resources-3.3.7.aar] AndroidManifest.xml:11:5-78
	android:name
		ADDED from [:AliyunPusher:pusher_demo] AndroidManifest.xml:30:22-75
activity#com.alivc.live.pusher.demo.ui.activity.MainActivity
ADDED from [:AliyunPusher:pusher_demo] AndroidManifest.xml:38:9-44:20
	android:screenOrientation
		ADDED from [:AliyunPusher:pusher_demo] AndroidManifest.xml:41:13-49
	android:windowSoftInputMode
		ADDED from [:AliyunPusher:pusher_demo] AndroidManifest.xml:43:13-64
	android:configChanges
		ADDED from [:AliyunPusher:pusher_demo] AndroidManifest.xml:40:13-48
	android:theme
		ADDED from [:AliyunPusher:pusher_demo] AndroidManifest.xml:42:13-63
	android:name
		ADDED from [:AliyunPusher:pusher_demo] AndroidManifest.xml:39:13-79
activity#com.alivc.live.pusher.demo.ui.activity.SecondActivity
ADDED from [:AliyunPusher:pusher_demo] AndroidManifest.xml:45:9-50:20
	android:screenOrientation
		ADDED from [:AliyunPusher:pusher_demo] AndroidManifest.xml:48:13-49
	android:launchMode
		ADDED from [:AliyunPusher:pusher_demo] AndroidManifest.xml:47:13-44
	android:theme
		ADDED from [:AliyunPusher:pusher_demo] AndroidManifest.xml:49:13-63
	android:name
		ADDED from [:AliyunPusher:pusher_demo] AndroidManifest.xml:46:13-81
activity#com.alivc.live.pusher.demo.ui.activity.PushConfigActivity
ADDED from [:AliyunPusher:pusher_demo] AndroidManifest.xml:51:9-56:20
	android:screenOrientation
		ADDED from [:AliyunPusher:pusher_demo] AndroidManifest.xml:54:13-49
	android:launchMode
		ADDED from [:AliyunPusher:pusher_demo] AndroidManifest.xml:53:13-44
	android:theme
		ADDED from [:AliyunPusher:pusher_demo] AndroidManifest.xml:55:13-63
	android:name
		ADDED from [:AliyunPusher:pusher_demo] AndroidManifest.xml:52:13-85
activity#com.alivc.live.pusher.demo.ui.activity.VideoRecordConfigActivity
ADDED from [:AliyunPusher:pusher_demo] AndroidManifest.xml:57:9-63:20
	android:screenOrientation
		ADDED from [:AliyunPusher:pusher_demo] AndroidManifest.xml:61:13-49
	android:launchMode
		ADDED from [:AliyunPusher:pusher_demo] AndroidManifest.xml:60:13-44
	android:configChanges
		ADDED from [:AliyunPusher:pusher_demo] AndroidManifest.xml:59:13-74
	android:theme
		ADDED from [:AliyunPusher:pusher_demo] AndroidManifest.xml:62:13-63
	android:name
		ADDED from [:AliyunPusher:pusher_demo] AndroidManifest.xml:58:13-92
activity#com.alivc.live.pusher.demo.ui.activity.LicenseActivity
ADDED from [:AliyunPusher:pusher_demo] AndroidManifest.xml:64:9-69:20
	android:screenOrientation
		ADDED from [:AliyunPusher:pusher_demo] AndroidManifest.xml:67:13-49
	android:launchMode
		ADDED from [:AliyunPusher:pusher_demo] AndroidManifest.xml:66:13-44
	android:theme
		ADDED from [:AliyunPusher:pusher_demo] AndroidManifest.xml:68:13-63
	android:name
		ADDED from [:AliyunPusher:pusher_demo] AndroidManifest.xml:65:13-82
activity#com.alivc.live.pusher.demo.ui.activity.LivePushActivity
ADDED from [:AliyunPusher:pusher_demo] AndroidManifest.xml:70:9-75:20
	android:launchMode
		ADDED from [:AliyunPusher:pusher_demo] AndroidManifest.xml:73:13-44
	android:configChanges
		ADDED from [:AliyunPusher:pusher_demo] AndroidManifest.xml:72:13-74
	android:theme
		ADDED from [:AliyunPusher:pusher_demo] AndroidManifest.xml:74:13-63
	android:name
		ADDED from [:AliyunPusher:pusher_demo] AndroidManifest.xml:71:13-83
activity#com.mob.tools.MobUIShell
ADDED from [:AliyunPusher:pusher_demo] AndroidManifest.xml:76:9-106:20
	android:windowSoftInputMode
		ADDED from [:AliyunPusher:pusher_demo] AndroidManifest.xml:80:13-67
	android:configChanges
		ADDED from [:AliyunPusher:pusher_demo] AndroidManifest.xml:78:13-74
	android:theme
		ADDED from [:AliyunPusher:pusher_demo] AndroidManifest.xml:79:13-72
	android:name
		ADDED from [:AliyunPusher:pusher_demo] AndroidManifest.xml:77:13-52
intent-filter#action:name:android.intent.action.VIEW+category:name:android.intent.category.BROWSABLE+category:name:android.intent.category.DEFAULT+data:scheme:tencent100371282
ADDED from [:AliyunPusher:pusher_demo] AndroidManifest.xml:81:13-88:29
data
ADDED from [:AliyunPusher:pusher_demo] AndroidManifest.xml:82:17-59
	android:scheme
		ADDED from [:AliyunPusher:pusher_demo] AndroidManifest.xml:82:23-56
action#android.intent.action.VIEW
ADDED from [:AliyunPusher:pusher_demo] AndroidManifest.xml:84:17-69
	android:name
		ADDED from [:AliyunPusher:pusher_demo] AndroidManifest.xml:84:25-66
category#android.intent.category.BROWSABLE
ADDED from [:AliyunPusher:pusher_demo] AndroidManifest.xml:86:17-78
	android:name
		ADDED from [:AliyunPusher:pusher_demo] AndroidManifest.xml:86:27-75
category#android.intent.category.DEFAULT
ADDED from [:AliyunPusher:pusher_demo] AndroidManifest.xml:87:17-76
	android:name
		ADDED from [:AliyunPusher:pusher_demo] AndroidManifest.xml:87:27-73
intent-filter#action:name:com.sina.weibo.sdk.action.ACTION_SDK_REQ_ACTIVITY+category:name:android.intent.category.DEFAULT
ADDED from [:AliyunPusher:pusher_demo] AndroidManifest.xml:91:13-95:29
action#com.sina.weibo.sdk.action.ACTION_SDK_REQ_ACTIVITY
ADDED from [:AliyunPusher:pusher_demo] AndroidManifest.xml:92:17-92
	android:name
		ADDED from [:AliyunPusher:pusher_demo] AndroidManifest.xml:92:25-89
intent-filter#action:name:android.intent.action.VIEW+category:name:android.intent.category.BROWSABLE+category:name:android.intent.category.DEFAULT+data:scheme:line.1477692153
ADDED from [:AliyunPusher:pusher_demo] AndroidManifest.xml:98:13-105:29
meta-data#Mob-AppKey
ADDED from [:AliyunPusher:pusher_demo] AndroidManifest.xml:109:9-111:45
	android:value
		ADDED from [:AliyunPusher:pusher_demo] AndroidManifest.xml:111:13-42
	android:name
		ADDED from [:AliyunPusher:pusher_demo] AndroidManifest.xml:110:13-38
meta-data#Mob-AppSecret
ADDED from [:AliyunPusher:pusher_demo] AndroidManifest.xml:112:9-114:45
	android:value
		ADDED from [:AliyunPusher:pusher_demo] AndroidManifest.xml:114:13-42
	android:name
		ADDED from [:AliyunPusher:pusher_demo] AndroidManifest.xml:113:13-41
meta-data#android.support.VERSION
ADDED from [com.android.support:support-v4:26.1.0] AndroidManifest.xml:26:9-28:38
MERGED from [com.android.support:recyclerview-v7:26.1.0] AndroidManifest.xml:23:9-25:38
MERGED from [com.android.support:recyclerview-v7:26.1.0] AndroidManifest.xml:23:9-25:38
MERGED from [com.android.support:support-media-compat:26.1.0] AndroidManifest.xml:26:9-28:38
MERGED from [com.android.support:support-media-compat:26.1.0] AndroidManifest.xml:26:9-28:38
	android:value
		ADDED from [com.android.support:support-v4:26.1.0] AndroidManifest.xml:28:13-35
	android:name
		ADDED from [com.android.support:support-v4:26.1.0] AndroidManifest.xml:27:13-51
service#com.squareup.leakcanary.internal.HeapAnalyzerService
ADDED from [com.squareup.leakcanary:leakcanary-android:1.5] AndroidManifest.xml:29:9-32:45
	android:process
		ADDED from [com.squareup.leakcanary:leakcanary-android:1.5] AndroidManifest.xml:32:13-42
	android:enabled
		ADDED from [com.squareup.leakcanary:leakcanary-android:1.5] AndroidManifest.xml:31:13-36
	android:name
		ADDED from [com.squareup.leakcanary:leakcanary-android:1.5] AndroidManifest.xml:30:13-80
service#com.squareup.leakcanary.DisplayLeakService
ADDED from [com.squareup.leakcanary:leakcanary-android:1.5] AndroidManifest.xml:33:9-35:39
	android:enabled
		ADDED from [com.squareup.leakcanary:leakcanary-android:1.5] AndroidManifest.xml:35:13-36
	android:name
		ADDED from [com.squareup.leakcanary:leakcanary-android:1.5] AndroidManifest.xml:34:13-70
activity#com.squareup.leakcanary.internal.DisplayLeakActivity
ADDED from [com.squareup.leakcanary:leakcanary-android:1.5] AndroidManifest.xml:37:9-49:20
	android:enabled
		ADDED from [com.squareup.leakcanary:leakcanary-android:1.5] AndroidManifest.xml:39:13-36
	android:label
		ADDED from [com.squareup.leakcanary:leakcanary-android:1.5] AndroidManifest.xml:41:13-71
	android:icon
		ADDED from [com.squareup.leakcanary:leakcanary-android:1.5] AndroidManifest.xml:40:13-54
	android:theme
		ADDED from [com.squareup.leakcanary:leakcanary-android:1.5] AndroidManifest.xml:43:13-63
	android:taskAffinity
		ADDED from [com.squareup.leakcanary:leakcanary-android:1.5] AndroidManifest.xml:42:13-59
	android:name
		ADDED from [com.squareup.leakcanary:leakcanary-android:1.5] AndroidManifest.xml:38:13-80
activity#com.squareup.leakcanary.internal.RequestStoragePermissionActivity
ADDED from [com.squareup.leakcanary:leakcanary-android:1.5] AndroidManifest.xml:50:9-56:68
	android:enabled
		ADDED from [com.squareup.leakcanary:leakcanary-android:1.5] AndroidManifest.xml:52:13-36
	android:label
		ADDED from [com.squareup.leakcanary:leakcanary-android:1.5] AndroidManifest.xml:54:13-82
	android:icon
		ADDED from [com.squareup.leakcanary:leakcanary-android:1.5] AndroidManifest.xml:53:13-54
	android:theme
		ADDED from [com.squareup.leakcanary:leakcanary-android:1.5] AndroidManifest.xml:56:13-65
	android:taskAffinity
		ADDED from [com.squareup.leakcanary:leakcanary-android:1.5] AndroidManifest.xml:55:13-59
	android:name
		ADDED from [com.squareup.leakcanary:leakcanary-android:1.5] AndroidManifest.xml:51:13-93
uses-permission#android.permission.WRITE_SETTINGS
ADDED from [:Aliyunplayer:AlivcPlayer] AndroidManifest.xml:12:5-73
	android:name
		ADDED from [:Aliyunplayer:AlivcPlayer] AndroidManifest.xml:12:22-70